<?xml version="1.0" encoding="UTF-8"?>
<!-- Generated by org.testng.reporters.JUnitReportReporter -->
<testsuite hostname="New" failures="0" tests="1" name="PackageName.Projectname.TestcaseLoginAmzMaven" time="115.608" errors="0" timestamp="2025-04-28T23:34:04 IST" skipped="0">
  <testcase classname="PackageName.Projectname.TestcaseLoginAmzMaven" name="withvalidcredentials" time="115.608"/>
</testsuite> <!-- PackageName.Projectname.TestcaseLoginAmzMaven -->
